<?xml version="1.0" encoding="UTF-8"?>
<testng-results ignored="0" total="2" passed="2" failed="0" skipped="0">
  <reporter-output>
  </reporter-output>
  <suite started-at="2025-03-08T04:42:36Z" name="Default suite" finished-at="2025-03-08T04:42:36Z" duration-ms="72">
    <groups>
    </groups>
    <test started-at="2025-03-08T04:42:36Z" name="Default test" finished-at="2025-03-08T04:42:36Z" duration-ms="72">
      <class name="pac2.orgTest">
        <test-method signature="createOrgTest()[pri:0, instance:pac2.orgTest@433defed]" started-at="2025-03-08T04:42:36Z" name="createOrgTest" finished-at="2025-03-08T04:42:36Z" duration-ms="26" status="PASS">
          <reporter-output>
          </reporter-output>
        </test-method> <!-- createOrgTest -->
        <test-method signature="modifyOrgtTest()[pri:0, instance:pac2.orgTest@433defed]" started-at="2025-03-08T04:42:36Z" name="modifyOrgtTest" finished-at="2025-03-08T04:42:36Z" duration-ms="3" status="PASS">
          <reporter-output>
          </reporter-output>
        </test-method> <!-- modifyOrgtTest -->
      </class> <!-- pac2.orgTest -->
    </test> <!-- Default test -->
  </suite> <!-- Default suite -->
</testng-results>
